Arguments: 
  C:\Program Files\nodejs\node.exe C:\Users\badri\AppData\Roaming\npm\node_modules\yarn\bin\yarn.js add react-icons

PATH: 
  C:\Python311\Scripts\;C:\Python311\;C:\Windows\system32;C:\Windows;C:\Windows\System32\Wbem;C:\Windows\System32\WindowsPowerShell\v1.0\;C:\Windows\System32\OpenSSH\;C:\Program Files\nodejs\;C:\ProgramData\chocolatey\bin;C:\Users\badri\AppData\Local\Microsoft\WindowsApps;;C:\Users\badri\AppData\Local\Programs\Microsoft VS Code\bin;C:\Users\badri\AppData\Roaming\npm

Yarn version: 
  1.22.19

Node version: 
  18.16.0

Platform: 
  win32 x64

Trace: 
  Error: EPERM: operation not permitted, unlink 'C:\Users\badri\OneDrive\Desktop\website\node_modules\bcrypt\lib\binding\napi-v3\bcrypt_lib.node'

npm manifest: 
  {
    "name": "eshoh",
    "version": "1.0.0",
    "main": "server.js",
    "type": "module",
    "scripts": {
      "test": "echo \"Error: no test specified\" && exit 1",
      "start": "node server.js",
      "server": "nodemon server.js"
    },
    "keywords": [],
    "author": "kiit",
    "license": "ISC",
    "dependencies": {
      "bcrypt": "^5.1.0",
      "colors": "^1.4.0",
      "colour": "^0.7.1",
      "dotenv": "^16.0.3",
      "env": "^0.0.2",
      "express": "^4.18.2",
      "jsonwebtoken": "^9.0.0",
      "mongoose": "^7.0.4",
      "morgan": "^1.10.0",
      "react-icons": "^4.8.0",
      "react-scripts": "^5.0.1"
    },
    "description": ""
  }

yarn manifest: 
  No manifest

Lockfile: 
  No lockfile
